1649495983335	geckodriver	INFO	Listening on 127.0.0.1:57813
1649495986397	mozrunner::runner	INFO	Running command: "C:\\Program Files\\Mozilla Firefox\\firefox.exe" "--marionette" "--remote-debugging-port" "57814" "-no-remote" "-profile" "C:\\Users\\843E~1\\AppData\\Local\\Temp\\rust_mozprofile4nHW3D"
1649495987029	Marionette	INFO	Marionette enabled
console.warn: SearchSettings: "get: No settings file exists, new profile?" (new NotFoundError("Could not open the file at C:\\Users\\\u041D\u0438\u043A\u0438\u0442\u0430\\AppData\\Local\\Temp\\rust_mozprofile4nHW3D\\search.json.mozlz4", (void 0)))
DevTools listening on ws://localhost:57814/devtools/browser/1bc570ec-cf08-46af-bf34-ee2f28335e79
1649495989337	Marionette	INFO	Listening on port 57819
1649495989586	RemoteAgent	WARN	TLS certificate errors will be ignored for this session
JavaScript error: http://selenium1py.pythonanywhere.com/en-gb/, line 758: ReferenceError: oscar is not defined
JavaScript error: http://selenium1py.pythonanywhere.com/en-gb/accounts/login/, line 624: ReferenceError: oscar is not defined
1649495991694	Marionette	INFO	Stopped listening on port 57819

###!!! [Parent][PGPUParent] Error: RunMessage(msgname=PGPU::Msg_ShutdownVR) Channel closing: too late to send/recv, messages will be lost

1649496049628	geckodriver	INFO	Listening on 127.0.0.1:57867
1649496052695	mozrunner::runner	INFO	Running command: "C:\\Program Files\\Mozilla Firefox\\firefox.exe" "--marionette" "--remote-debugging-port" "57868" "-no-remote" "-profile" "C:\\Users\\843E~1\\AppData\\Local\\Temp\\rust_mozprofileTKGxbk"
1649496052952	Marionette	INFO	Marionette enabled
console.warn: SearchSettings: "get: No settings file exists, new profile?" (new NotFoundError("Could not open the file at C:\\Users\\\u041D\u0438\u043A\u0438\u0442\u0430\\AppData\\Local\\Temp\\rust_mozprofileTKGxbk\\search.json.mozlz4", (void 0)))
DevTools listening on ws://localhost:57868/devtools/browser/1932a9ab-01f0-49f0-b2b3-c61f49a3933b
1649496054767	Marionette	INFO	Listening on port 57873
1649496054855	RemoteAgent	WARN	TLS certificate errors will be ignored for this session
JavaScript error: http://selenium1py.pythonanywhere.com/en-gb/, line 758: ReferenceError: oscar is not defined
JavaScript error: http://selenium1py.pythonanywhere.com/en-gb/accounts/login/, line 624: ReferenceError: oscar is not defined
1649496057396	Marionette	INFO	Stopped listening on port 57873

###!!! [Parent][PGPUParent] Error: RunMessage(msgname=PGPU::Msg_ShutdownVR) Channel closing: too late to send/recv, messages will be lost

